{"contracts/FundMe.sol":{"l":{"20":3,"21":3,"25":3,"30":2,"31":2,"36":0,"41":0,"42":0,"46":0,"51":0,"52":0,"54":0,"61":0,"64":0,"80":0,"84":0},"path":"/Users/choushi/Desktop/區塊鏈學習/hardhat - fund/contracts/FundMe.sol","s":{"1":3,"2":2,"3":0,"4":0,"5":0,"6":0,"7":0,"8":0,"9":0},"b":{"1":[2,1],"2":[0,0],"3":[0,0],"4":[0,0]},"f":{"1":3,"2":3,"3":0,"4":0,"5":0,"6":0},"fnMap":{"1":{"name":"constructor","line":19,"loc":{"start":{"line":19,"column":4},"end":{"line":22,"column":4}}},"2":{"name":"fund","line":24,"loc":{"start":{"line":24,"column":4},"end":{"line":32,"column":4}}},"3":{"name":"getVersion","line":34,"loc":{"start":{"line":34,"column":4},"end":{"line":37,"column":4}}},"4":{"name":"onlyOwner","line":39,"loc":{"start":{"line":39,"column":4},"end":{"line":43,"column":4}}},"5":{"name":"withdraw","line":45,"loc":{"start":{"line":45,"column":4},"end":{"line":65,"column":4}}},"6":{"name":null,"line":79,"loc":{"start":{"line":79,"column":4},"end":{"line":81,"column":4}}}},"statementMap":{"1":{"start":{"line":25,"column":8},"end":{"line":25,"column":763}},"2":{"start":{"line":31,"column":8},"end":{"line":31,"column":31}},"3":{"start":{"line":36,"column":8},"end":{"line":36,"column":34}},"4":{"start":{"line":41,"column":8},"end":{"line":41,"column":60}},"5":{"start":{"line":46,"column":8},"end":{"line":46,"column":1458}},"6":{"start":{"line":51,"column":12},"end":{"line":51,"column":49}},"7":{"start":{"line":61,"column":8},"end":{"line":61,"column":1987}},"8":{"start":{"line":64,"column":8},"end":{"line":64,"column":42}},"9":{"start":{"line":80,"column":8},"end":{"line":80,"column":13}}},"branchMap":{"1":{"line":25,"type":"if","locations":[{"start":{"line":25,"column":8},"end":{"line":25,"column":8}},{"start":{"line":25,"column":8},"end":{"line":25,"column":8}}]},"2":{"line":41,"type":"if","locations":[{"start":{"line":41,"column":8},"end":{"line":41,"column":8}},{"start":{"line":41,"column":8},"end":{"line":41,"column":8}}]},"3":{"line":45,"type":"if","locations":[{"start":{"line":45,"column":31},"end":{"line":45,"column":31}},{"start":{"line":45,"column":31},"end":{"line":45,"column":31}}]},"4":{"line":64,"type":"if","locations":[{"start":{"line":64,"column":8},"end":{"line":64,"column":8}},{"start":{"line":64,"column":8},"end":{"line":64,"column":8}}]}}},"contracts/PriceConverter.sol":{"l":{"16":3,"18":3,"28":3,"29":3,"33":3},"path":"/Users/choushi/Desktop/區塊鏈學習/hardhat - fund/contracts/PriceConverter.sol","s":{"1":3,"2":3,"3":3,"4":3,"5":3},"b":{},"f":{"1":3,"2":3},"fnMap":{"1":{"name":"getPrice","line":10,"loc":{"start":{"line":10,"column":4},"end":{"line":21,"column":4}}},"2":{"name":"getConversionRate","line":24,"loc":{"start":{"line":24,"column":4},"end":{"line":34,"column":4}}}},"statementMap":{"1":{"start":{"line":16,"column":8},"end":{"line":16,"column":61}},"2":{"start":{"line":18,"column":8},"end":{"line":18,"column":44}},"3":{"start":{"line":28,"column":8},"end":{"line":28,"column":46}},"4":{"start":{"line":29,"column":8},"end":{"line":29,"column":77}},"5":{"start":{"line":33,"column":8},"end":{"line":33,"column":29}}},"branchMap":{}},"contracts/testmock/MockV3Aggregator.sol":{"l":{},"path":"/Users/choushi/Desktop/區塊鏈學習/hardhat - fund/contracts/testmock/MockV3Aggregator.sol","s":{},"b":{},"f":{},"fnMap":{},"statementMap":{},"branchMap":{}}}