TN:
SF:/Users/choushi/Desktop/區塊鏈學習/hardhat - fund/contracts/FundMe.sol
FN:19,constructor
FN:24,fund
FN:34,getVersion
FN:39,onlyOwner
FN:45,withdraw
FN:79,
FNF:6
FNH:2
FNDA:3,constructor
FNDA:3,fund
FNDA:0,getVersion
FNDA:0,onlyOwner
FNDA:0,withdraw
FNDA:0,
DA:20,3
DA:21,3
DA:25,3
DA:30,2
DA:31,2
DA:36,0
DA:41,0
DA:42,0
DA:46,0
DA:51,0
DA:52,0
DA:54,0
DA:61,0
DA:64,0
DA:80,0
DA:84,0
LF:16
LH:5
BRDA:25,1,0,2
BRDA:25,1,1,1
BRDA:41,2,0,0
BRDA:41,2,1,0
BRDA:45,3,0,0
BRDA:45,3,1,0
BRDA:64,4,0,0
BRDA:64,4,1,0
BRF:8
BRH:2
end_of_record
TN:
SF:/Users/choushi/Desktop/區塊鏈學習/hardhat - fund/contracts/PriceConverter.sol
FN:10,getPrice
FN:24,getConversionRate
FNF:2
FNH:2
FNDA:3,getPrice
FNDA:3,getConversionRate
DA:16,3
DA:18,3
DA:28,3
DA:29,3
DA:33,3
LF:5
LH:5
BRF:0
BRH:0
end_of_record
TN:
SF:/Users/choushi/Desktop/區塊鏈學習/hardhat - fund/contracts/testmock/MockV3Aggregator.sol
FNF:0
FNH:0
LF:0
LH:0
BRF:0
BRH:0
end_of_record
